#
# A fatal error has been detected by the Java Runtime Environment:
#
#  EXCEPTION_ACCESS_VIOLATION (0xc0000005) at pc=0x000000005c38f988, pid=13484, tid=0x00000000000035e4
#
# JRE version: Java(TM) SE Runtime Environment (8.0_221-b11) (build 1.8.0_221-b11)
# Java VM: Java HotSpot(TM) 64-Bit Server VM (25.221-b11 mixed mode windows-amd64 compressed oops)
# Problematic frame:
# V  [jvm.dll+0x12f988]
#
# Failed to write core dump. Minidumps are not enabled by default on client versions of Windows
#
# If you would like to submit a bug report, please visit:
#   http://bugreport.java.com/bugreport/crash.jsp
#

---------------  T H R E A D  ---------------

Current thread (0x000000001c0a5800):  VMThread [stack: 0x000000001d0f0000,0x000000001d1f0000] [id=13796]

siginfo: ExceptionCode=0xc0000005, reading address 0xffffffffffffffff

Registers:
RAX=0x000000001c0a5800, RBX=0x000000001ff992b0, RCX=0x000000001bcb7c48, RDX=0x000000001bcb7dd0
RSP=0x000000001d1ef740, RBP=0x000000001f922990, RSI=0x000000001c0a5800, RDI=0x000000001bcb7dd0
R8 =0x0000000000000177, R9 =0x0000000000000177, R10=0x0000000000000000, R11=0xca0000001be9aea0
R12=0x000000005c38fa90, R13=0x00000007c0236268, R14=0x000000001bf85500, R15=0x000000001f661d50
RIP=0x000000005c38f988, EFLAGS=0x0000000000010286

Top of Stack: (sp=0x000000001d1ef740)
0x000000001d1ef740:   000000001bfde860 0000000002a238ee
0x000000001d1ef750:   0000000020730df0 000000005c47f85a
0x000000001d1ef760:   00000000243625a0 000000001c0a5800
0x000000001d1ef770:   000000001c0a5800 000000001c0a4f30
0x000000001d1ef780:   000000001bcb7dd0 000000005c38facd
0x000000001d1ef790:   000000001c0a5f88 00000000000000d8
0x000000001d1ef7a0:   000000001d1ef9a0 000000005c2615d6
0x000000001d1ef7b0:   000000001e49f5b0 000000005c41eeb4
0x000000001d1ef7c0:   000000001d1ef870 000000001bcb7dd0
0x000000001d1ef7d0:   0000000000000000 00000000679b39e1
0x000000001d1ef7e0:   000000001d6565a0 00000000679e8d94
0x000000001d1ef7f0:   0000000000000100 00000000021cc3f0
0x000000001d1ef800:   0000000001c9eeb9 000000001bf85500
0x000000001d1ef810:   000000001bf858d8 000000001d656570
0x000000001d1ef820:   000000001f922990 000000001bf858d8
0x000000001d1ef830:   00000000000003d8 000000001e49f5b0 

Instructions: (pc=0x000000005c38f988)
0x000000005c38f968:   00 74 0d 48 8b ce e8 7d 99 14 00 45 33 db eb 04
0x000000005c38f978:   4c 8b 5f 18 48 83 7e 08 00 75 0a 4d 85 db 74 05
0x000000005c38f988:   66 41 ff 43 06 ff 05 0d d0 6c 00 48 8d 4c 24 30
0x000000005c38f998:   48 8b d6 e8 c0 40 0e 00 48 8b 9e 40 01 00 00 8b 


Register to memory mapping:

RAX=0x000000001c0a5800 is an unknown value
RBX=0x000000001ff992b0 is an unknown value
RCX=0x000000001bcb7c48 is pointing into metadata
RDX={method} {0x000000001bcb7dd8} 'getAllCar' '()V' in 'ma/rentcom/test/IntegrationTest'
RSP=0x000000001d1ef740 is an unknown value
RBP=0x000000001f922990 is an unknown value
RSI=0x000000001c0a5800 is an unknown value
RDI={method} {0x000000001bcb7dd8} 'getAllCar' '()V' in 'ma/rentcom/test/IntegrationTest'
R8 =0x0000000000000177 is an unknown value
R9 =0x0000000000000177 is an unknown value
R10=0x0000000000000000 is an unknown value
R11=0xca0000001be9aea0 is an unknown value
R12=0x000000005c38fa90 is an unknown value
R13=0x00000007c0236268 is pointing into metadata
R14=0x000000001bf85500 is an unknown value
R15=0x000000001f661d50 is an unknown value


Stack: [0x000000001d0f0000,0x000000001d1f0000],  sp=0x000000001d1ef740,  free space=1021k
Native frames: (J=compiled Java code, j=interpreted, Vv=VM code, C=native code)
V  [jvm.dll+0x12f988]
V  [jvm.dll+0x1beeb4]
V  [jvm.dll+0x1bfc47]
V  [jvm.dll+0x24d517]
V  [jvm.dll+0x24c7b6]
V  [jvm.dll+0x24cc51]
V  [jvm.dll+0x24ce6e]
V  [jvm.dll+0x29fb8a]
C  [msvcr100.dll+0x21d9f]
C  [msvcr100.dll+0x21e3b]
C  [kernel32.dll+0x1556d]
C  [ntdll.dll+0x5385d]

VM_Operation (0x000000001e49f540): ChangeBreakpoints, mode: safepoint, requested by thread 0x000000001c10f800


---------------  P R O C E S S  ---------------

Java Threads: ( => current thread )
  0x000000001eb6f000 JavaThread "JMX server connection timeout 24" daemon [_thread_blocked, id=7692, stack(0x0000000021a50000,0x0000000021b50000)]
  0x000000002133e800 JavaThread "RMI TCP Connection(idle)" daemon [_thread_blocked, id=1472, stack(0x0000000025580000,0x0000000025680000)]
  0x000000002137c800 JavaThread "RMI Scheduler(0)" daemon [_thread_blocked, id=15356, stack(0x0000000025aa0000,0x0000000025ba0000)]
  0x00000000238fb000 JavaThread "RMI TCP Accept-0" daemon [_thread_in_native, id=1768, stack(0x00000000204d0000,0x00000000205d0000)]
  0x000000001f2c2000 JavaThread "ReaderThread" [_thread_in_native, id=6660, stack(0x0000000020390000,0x0000000020490000)]
  0x000000001ea29000 JavaThread "Service Thread" daemon [_thread_blocked, id=15716, stack(0x000000001dc80000,0x000000001dd80000)]
  0x000000001e9f4000 JavaThread "C1 CompilerThread2" daemon [_thread_blocked, id=7340, stack(0x000000001ef90000,0x000000001f090000)]
  0x000000001e9b1800 JavaThread "C2 CompilerThread1" daemon [_thread_blocked, id=9820, stack(0x000000001ece0000,0x000000001ede0000)]
  0x000000001e9ac800 JavaThread "C2 CompilerThread0" daemon [_thread_blocked, id=14904, stack(0x000000001ee20000,0x000000001ef20000)]
  0x000000001d65c800 JavaThread "JDWP Command Reader" daemon [_thread_in_native, id=16136, stack(0x000000001dee0000,0x000000001dfe0000)]
  0x000000001d65b000 JavaThread "JDWP Event Helper Thread" daemon [_thread_blocked, id=13752, stack(0x000000001e210000,0x000000001e310000)]
  0x000000001c10f800 JavaThread "JDWP Transport Listener: dt_socket" daemon [_thread_blocked, id=3864, stack(0x000000001e3a0000,0x000000001e4a0000)]
  0x000000001c10c000 JavaThread "Attach Listener" daemon [_thread_blocked, id=15244, stack(0x000000001dda0000,0x000000001dea0000)]
  0x000000001d649800 JavaThread "Signal Dispatcher" daemon [_thread_blocked, id=12624, stack(0x000000001db70000,0x000000001dc70000)]
  0x000000001c0ee800 JavaThread "Finalizer" daemon [_thread_blocked, id=4912, stack(0x000000001d540000,0x000000001d640000)]
  0x000000001c0ad000 JavaThread "Reference Handler" daemon [_thread_blocked, id=7484, stack(0x000000001d300000,0x000000001d400000)]
  0x000000000217b800 JavaThread "main" [_thread_blocked, id=6984, stack(0x00000000024f0000,0x00000000025f0000)]

Other Threads:
=>0x000000001c0a5800 VMThread [stack: 0x000000001d0f0000,0x000000001d1f0000] [id=13796]
  0x000000001ea4e000 WatcherThread [stack: 0x000000001f190000,0x000000001f290000] [id=7252]

VM state:at safepoint (normal execution)

VM Mutex/Monitor currently owned by a thread:  ([mutex/lock_event])
[0x000000000217a000] Threads_lock - owner thread: 0x000000001c0a5800

heap address: 0x00000006c1c00000, size: 4068 MB, Compressed Oops mode: Zero based, Oop shift amount: 3
Narrow klass base: 0x0000000000000000, Narrow klass shift: 3
Compressed class space size: 1073741824 Address: 0x00000007c0000000

Heap:
 PSYoungGen      total 76288K, used 60214K [0x000000076b400000, 0x0000000774900000, 0x00000007c0000000)
  eden space 65536K, 80% used [0x000000076b400000,0x000000076e79d9f8,0x000000076f400000)
  from space 10752K, 68% used [0x000000076fe80000,0x00000007705b0060,0x0000000770900000)
  to   space 10752K, 0% used [0x000000076f400000,0x000000076f400000,0x000000076fe80000)
 ParOldGen       total 175104K, used 24K [0x00000006c1c00000, 0x00000006cc700000, 0x000000076b400000)
  object space 175104K, 0% used [0x00000006c1c00000,0x00000006c1c06000,0x00000006cc700000)
 Metaspace       used 19226K, capacity 20336K, committed 20352K, reserved 1067008K
  class space    used 2461K, capacity 2686K, committed 2688K, reserved 1048576K

Card table byte_map: [0x0000000011c80000,0x0000000012480000] byte_map_base: 0x000000000e672000

Marking Bits: (ParMarkBitMap*) 0x000000005ca85ce0
 Begin Bits: [0x0000000012ff0000, 0x0000000016f80000)
 End Bits:   [0x0000000016f80000, 0x000000001af10000)

Polling page: 0x00000000004c0000

CodeCache: size=245760Kb used=7592Kb max_used=8478Kb free=238167Kb
 bounds [0x00000000028c0000, 0x0000000003110000, 0x00000000118c0000]
 total_blobs=2532 nmethods=2121 adapters=331
 compilation: enabled

Compilation events (10 events):
Event: 67096.178 Thread 0x000000001e9f4000 2309   !   3       java.io.ObjectInputStream::readNonProxyDesc (239 bytes)
Event: 67096.179 Thread 0x000000001e9f4000 nmethod 2309 0x0000000002a0a8d0 code [0x0000000002a0ac60, 0x0000000002a0c4c8]
Event: 67160.864 Thread 0x000000001e9f4000 2310   !   3       java.net.Socket::getOutputStream (84 bytes)
Event: 67160.865 Thread 0x000000001e9f4000 nmethod 2310 0x0000000002e78cd0 code [0x0000000002e78f00, 0x0000000002e79978]
Event: 67281.007 Thread 0x000000001e9f4000 2311       3       java.io.ObjectOutputStream$BlockDataOutputStream::writeBlockHeader (70 bytes)
Event: 67281.007 Thread 0x000000001e9f4000 nmethod 2311 0x0000000002ad7350 code [0x0000000002ad74e0, 0x0000000002ad7908]
Event: 67341.047 Thread 0x000000001e9f4000 2312       3       java.io.DataOutputStream::flush (8 bytes)
Event: 67341.047 Thread 0x000000001e9f4000 nmethod 2312 0x00000000029fa550 code [0x00000000029fa6c0, 0x00000000029fa8e8]
Event: 67696.171 Thread 0x000000001e9f4000 2313   !   3       java.io.ObjectInputStream::readOrdinaryObject (322 bytes)
Event: 67696.173 Thread 0x000000001e9f4000 nmethod 2313 0x0000000002d460d0 code [0x0000000002d46560, 0x0000000002d48708]

GC Heap History (4 events):
Event: 4.916 GC heap before
{Heap before GC invocations=1 (full 0):
 PSYoungGen      total 76288K, used 65536K [0x000000076b400000, 0x0000000770900000, 0x00000007c0000000)
  eden space 65536K, 100% used [0x000000076b400000,0x000000076f400000,0x000000076f400000)
  from space 10752K, 0% used [0x000000076fe80000,0x000000076fe80000,0x0000000770900000)
  to   space 10752K, 0% used [0x000000076f400000,0x000000076f400000,0x000000076fe80000)
 ParOldGen       total 175104K, used 0K [0x00000006c1c00000, 0x00000006cc700000, 0x000000076b400000)
  object space 175104K, 0% used [0x00000006c1c00000,0x00000006c1c00000,0x00000006cc700000)
 Metaspace       used 10855K, capacity 11410K, committed 11520K, reserved 1058816K
  class space    used 1299K, capacity 1431K, committed 1536K, reserved 1048576K
Event: 4.934 GC heap after
Heap after GC invocations=1 (full 0):
 PSYoungGen      total 76288K, used 6476K [0x000000076b400000, 0x0000000770900000, 0x00000007c0000000)
  eden space 65536K, 0% used [0x000000076b400000,0x000000076b400000,0x000000076f400000)
  from space 10752K, 60% used [0x000000076f400000,0x000000076fa53198,0x000000076fe80000)
  to   space 10752K, 0% used [0x000000076fe80000,0x000000076fe80000,0x0000000770900000)
 ParOldGen       total 175104K, used 16K [0x00000006c1c00000, 0x00000006cc700000, 0x000000076b400000)
  object space 175104K, 0% used [0x00000006c1c00000,0x00000006c1c04000,0x00000006cc700000)
 Metaspace       used 10855K, capacity 11410K, committed 11520K, reserved 1058816K
  class space    used 1299K, capacity 1431K, committed 1536K, reserved 1048576K
}
Event: 5.703 GC heap before
{Heap before GC invocations=2 (full 0):
 PSYoungGen      total 76288K, used 72012K [0x000000076b400000, 0x0000000770900000, 0x00000007c0000000)
  eden space 65536K, 100% used [0x000000076b400000,0x000000076f400000,0x000000076f400000)
  from space 10752K, 60% used [0x000000076f400000,0x000000076fa53198,0x000000076fe80000)
  to   space 10752K, 0% used [0x000000076fe80000,0x000000076fe80000,0x0000000770900000)
 ParOldGen       total 175104K, used 16K [0x00000006c1c00000, 0x00000006cc700000, 0x000000076b400000)
  object space 175104K, 0% used [0x00000006c1c00000,0x00000006c1c04000,0x00000006cc700000)
 Metaspace       used 15027K, capacity 15954K, committed 16256K, reserved 1062912K
  class space    used 1880K, capacity 2069K, committed 2176K, reserved 1048576K
Event: 5.727 GC heap after
Heap after GC invocations=2 (full 0):
 PSYoungGen      total 76288K, used 7360K [0x000000076b400000, 0x0000000774900000, 0x00000007c0000000)
  eden space 65536K, 0% used [0x000000076b400000,0x000000076b400000,0x000000076f400000)
  from space 10752K, 68% used [0x000000076fe80000,0x00000007705b0060,0x0000000770900000)
  to   space 10752K, 0% used [0x000000076f400000,0x000000076f400000,0x000000076fe80000)
 ParOldGen       total 175104K, used 24K [0x00000006c1c00000, 0x00000006cc700000, 0x000000076b400000)
  object space 175104K, 0% used [0x00000006c1c00000,0x00000006c1c06000,0x00000006cc700000)
 Metaspace       used 15027K, capacity 15954K, committed 16256K, reserved 1062912K
  class space    used 1880K, capacity 2069K, committed 2176K, reserved 1048576K
}

Deoptimization events (10 events):
Event: 6.407 Thread 0x000000001c10c000 Uncommon trap: reason=unstable_if action=reinterpret pc=0x0000000002d88078 method=java.io.WinNTFileSystem.normalize(Ljava/lang/String;)Ljava/lang/String; @ 128
Event: 6.416 Thread 0x000000001c10c000 Uncommon trap: reason=unstable_if action=reinterpret pc=0x00000000029e37b4 method=sun.nio.cs.UTF_8$Encoder.encode([CII[B)I @ 33
Event: 6.589 Thread 0x0000000020e10000 Uncommon trap: reason=bimorphic action=maybe_recompile pc=0x000000000300e7d0 method=java.io.DataOutputStream.writeByte(I)V @ 5
Event: 6.589 Thread 0x0000000020e10000 Uncommon trap: reason=bimorphic action=maybe_recompile pc=0x000000000300b584 method=java.io.DataOutputStream.write([BII)V @ 7
Event: 6.604 Thread 0x0000000020e10000 Uncommon trap: reason=bimorphic action=maybe_recompile pc=0x000000000300e7d0 method=java.io.DataOutputStream.writeByte(I)V @ 5
Event: 6.609 Thread 0x0000000020e10000 Uncommon trap: reason=bimorphic action=maybe_recompile pc=0x000000000300b584 method=java.io.DataOutputStream.write([BII)V @ 7
Event: 6.609 Thread 0x0000000020e10000 Uncommon trap: reason=bimorphic action=maybe_recompile pc=0x000000000300b584 method=java.io.DataOutputStream.write([BII)V @ 7
Event: 6.610 Thread 0x0000000020e10000 Uncommon trap: reason=bimorphic action=maybe_recompile pc=0x000000000300b584 method=java.io.DataOutputStream.write([BII)V @ 7
Event: 6.611 Thread 0x0000000020e10000 Uncommon trap: reason=bimorphic action=maybe_recompile pc=0x000000000300e7d0 method=java.io.DataOutputStream.writeByte(I)V @ 5
Event: 6.614 Thread 0x0000000020e10000 Uncommon trap: reason=bimorphic action=maybe_recompile pc=0x000000000300e7d0 method=java.io.DataOutputStream.writeByte(I)V @ 5

Classes redefined (2 events):
Event: 67474.567 Thread 0x000000001c0a5800 redefined class name=ma.rentcom.test.IntegrationTest, count=1
Event: 68019.758 Thread 0x000000001c0a5800 redefined class name=ma.rentcom.test.IntegrationTest, count=2

Internal exceptions (10 events):
Event: 22.410 Thread 0x0000000022bfe800 Exception <a 'java/lang/ClassNotFoundException': org/springframework/boot/actuate/endpoint/jmx/DataEndpointMBean> (0x000000076dd166f0) thrown at [C:\re\workspace\8-2-build-windows-amd64-cygwin\jdk8u221\13320\hotspot\src\share\vm\classfile\systemDictionary
Event: 22.411 Thread 0x0000000022bfe800 Exception <a 'java/lang/ClassNotFoundException': org/springframework/context/support/LiveBeansView> (0x000000076dd37590) thrown at [C:\re\workspace\8-2-build-windows-amd64-cygwin\jdk8u221\13320\hotspot\src\share\vm\classfile\systemDictionary.cpp, line 210
Event: 22.411 Thread 0x0000000022bfe800 Exception <a 'java/lang/ClassNotFoundException': org/springframework/boot/actuate/endpoint/jmx/EndpointMBean> (0x000000076dd378f8) thrown at [C:\re\workspace\8-2-build-windows-amd64-cygwin\jdk8u221\13320\hotspot\src\share\vm\classfile\systemDictionary.cpp
Event: 22.411 Thread 0x0000000022bfe800 Exception <a 'java/lang/ClassNotFoundException': org/springframework/boot/actuate/endpoint/jmx/DataEndpointMBean> (0x000000076dd37e50) thrown at [C:\re\workspace\8-2-build-windows-amd64-cygwin\jdk8u221\13320\hotspot\src\share\vm\classfile\systemDictionary
Event: 22.411 Thread 0x0000000022bfe800 Exception <a 'java/lang/ClassNotFoundException': org/springframework/context/support/LiveBeansView> (0x000000076dd38390) thrown at [C:\re\workspace\8-2-build-windows-amd64-cygwin\jdk8u221\13320\hotspot\src\share\vm\classfile\systemDictionary.cpp, line 210
Event: 22.411 Thread 0x0000000022bfe800 Exception <a 'java/lang/ClassNotFoundException': org/springframework/boot/actuate/endpoint/jmx/EndpointMBean> (0x000000076dd386e8) thrown at [C:\re\workspace\8-2-build-windows-amd64-cygwin\jdk8u221\13320\hotspot\src\share\vm\classfile\systemDictionary.cpp
Event: 22.411 Thread 0x0000000022bfe800 Exception <a 'java/lang/ClassNotFoundException': org/springframework/boot/actuate/endpoint/jmx/DataEndpointMBean> (0x000000076dd38c30) thrown at [C:\re\workspace\8-2-build-windows-amd64-cygwin\jdk8u221\13320\hotspot\src\share\vm\classfile\systemDictionary
Event: 22.412 Thread 0x0000000022bfe800 Exception <a 'java/lang/ClassNotFoundException': org/springframework/context/support/LiveBeansView> (0x000000076dd39160) thrown at [C:\re\workspace\8-2-build-windows-amd64-cygwin\jdk8u221\13320\hotspot\src\share\vm\classfile\systemDictionary.cpp, line 210
Event: 60791.514 Thread 0x0000000022bfe800 Exception <a 'java/lang/NoSuchMethodError': <clinit>> (0x000000076e232088) thrown at [C:\re\workspace\8-2-build-windows-amd64-cygwin\jdk8u221\13320\hotspot\src\share\vm\prims\jni.cpp, line 1614]
Event: 60796.081 Thread 0x000000002133e800 Exception <a 'java/lang/NoSuchMethodError': <clinit>> (0x000000076e28c680) thrown at [C:\re\workspace\8-2-build-windows-amd64-cygwin\jdk8u221\13320\hotspot\src\share\vm\prims\jni.cpp, line 1614]

Events (10 events):
Event: 68019.806 Executing VM operation: ChangeBreakpoints done
Event: 68024.332 Executing VM operation: GetCurrentContendedMonitor
Event: 68024.332 Executing VM operation: GetCurrentContendedMonitor done
Event: 68024.333 Executing VM operation: GetOwnedMonitorInfo
Event: 68024.333 Executing VM operation: GetOwnedMonitorInfo done
Event: 68025.171 Executing VM operation: GetCurrentContendedMonitor
Event: 68025.171 Executing VM operation: GetCurrentContendedMonitor done
Event: 68025.171 Executing VM operation: GetOwnedMonitorInfo
Event: 68025.172 Executing VM operation: GetOwnedMonitorInfo done
Event: 68060.742 Executing VM operation: ChangeBreakpoints


Dynamic libraries:
0x000000013f7a0000 - 0x000000013f7d7000 	C:\Program Files\Java\jre1.8.0_221\bin\javaw.exe
0x00000000775e0000 - 0x000000007777f000 	C:\Windows\SYSTEM32\ntdll.dll
0x00000000774c0000 - 0x00000000775df000 	C:\Windows\system32\kernel32.dll
0x000007fefd120000 - 0x000007fefd187000 	C:\Windows\system32\KERNELBASE.dll
0x000007feff7c0000 - 0x000007feff89b000 	C:\Windows\system32\ADVAPI32.dll
0x000007feff260000 - 0x000007feff2ff000 	C:\Windows\system32\msvcrt.dll
0x000007feff6a0000 - 0x000007feff6bf000 	C:\Windows\SYSTEM32\sechost.dll
0x000007fefdfa0000 - 0x000007fefe0cc000 	C:\Windows\system32\RPCRT4.dll
0x00000000773c0000 - 0x00000000774ba000 	C:\Windows\system32\USER32.dll
0x000007fefdf30000 - 0x000007fefdf97000 	C:\Windows\system32\GDI32.dll
0x000007fefe0d0000 - 0x000007fefe0de000 	C:\Windows\system32\LPK.dll
0x000007fefd570000 - 0x000007fefd63b000 	C:\Windows\system32\USP10.dll
0x000007fefb750000 - 0x000007fefb945000 	C:\Windows\WinSxS\amd64_microsoft.windows.common-controls_6595b64144ccf1df_6.0.7601.24483_none_e372d88f30fbb845\COMCTL32.dll
0x000007fefd4c0000 - 0x000007fefd531000 	C:\Windows\system32\SHLWAPI.dll
0x000007fefd540000 - 0x000007fefd56e000 	C:\Windows\system32\IMM32.DLL
0x000007feff070000 - 0x000007feff17b000 	C:\Windows\system32\MSCTF.dll
0x0000000067980000 - 0x0000000067a52000 	C:\Program Files\Java\jre1.8.0_221\bin\msvcr100.dll
0x000000005c260000 - 0x000000005cb05000 	C:\Program Files\Java\jre1.8.0_221\bin\server\jvm.dll
0x000007fefa670000 - 0x000007fefa679000 	C:\Windows\system32\WSOCK32.dll
0x000007feff300000 - 0x000007feff34d000 	C:\Windows\system32\WS2_32.dll
0x000007fefde60000 - 0x000007fefde68000 	C:\Windows\system32\NSI.dll
0x000007fef99f0000 - 0x000007fef9a2b000 	C:\Windows\system32\WINMM.dll
0x000007fefc1e0000 - 0x000007fefc1ec000 	C:\Windows\system32\VERSION.dll
0x0000000077780000 - 0x0000000077787000 	C:\Windows\system32\PSAPI.DLL
0x000007fefbf80000 - 0x000007fefbf8f000 	C:\Program Files\Java\jre1.8.0_221\bin\verify.dll
0x000007fef98b0000 - 0x000007fef98d9000 	C:\Program Files\Java\jre1.8.0_221\bin\java.dll
0x000007fef66d0000 - 0x000007fef6705000 	C:\Program Files\Java\jre1.8.0_221\bin\jdwp.dll
0x000007fef6c30000 - 0x000007fef6c38000 	C:\Program Files\Java\jre1.8.0_221\bin\npt.dll
0x000007fef68f0000 - 0x000007fef6913000 	C:\Program Files\Java\jre1.8.0_221\bin\instrument.dll
0x000007fefbf60000 - 0x000007fefbf76000 	C:\Program Files\Java\jre1.8.0_221\bin\zip.dll
0x000007fefe2e0000 - 0x000007feff06b000 	C:\Windows\system32\SHELL32.dll
0x000007fefe0e0000 - 0x000007fefe2df000 	C:\Windows\system32\ole32.dll
0x000007fefd110000 - 0x000007fefd11f000 	C:\Windows\system32\profapi.dll
0x000007fef9720000 - 0x000007fef9729000 	C:\Program Files\Java\jre1.8.0_221\bin\dt_socket.dll
0x000007fefab20000 - 0x000007fefab35000 	C:\Windows\system32\NLAapi.dll
0x000007fef5f30000 - 0x000007fef5f45000 	C:\Windows\system32\napinsp.dll
0x000007fef5f10000 - 0x000007fef5f29000 	C:\Windows\system32\pnrpnsp.dll
0x000007fefc820000 - 0x000007fefc875000 	C:\Windows\System32\mswsock.dll
0x000007fefc6b0000 - 0x000007fefc70b000 	C:\Windows\system32\DNSAPI.dll
0x000007fef5f00000 - 0x000007fef5f0b000 	C:\Windows\System32\winrnr.dll
0x000007fefa830000 - 0x000007fefa857000 	C:\Windows\system32\IPHLPAPI.DLL
0x000007fefa820000 - 0x000007fefa82b000 	C:\Windows\system32\WINNSI.DLL
0x000007fefa6a0000 - 0x000007fefa6f3000 	C:\Windows\System32\fwpuclnt.dll
0x000007fef3d00000 - 0x000007fef3d08000 	C:\Windows\system32\rasadhlp.dll
0x000007fefc2b0000 - 0x000007fefc2b7000 	C:\Windows\System32\wshtcpip.dll
0x000007fef9800000 - 0x000007fef981a000 	C:\Program Files\Java\jre1.8.0_221\bin\net.dll
0x000007fefdcd0000 - 0x000007fefde5a000 	C:\Windows\system32\urlmon.dll
0x000007fefd3a0000 - 0x000007fefd3a4000 	C:\Windows\system32\api-ms-win-downlevel-ole32-l1-1-0.dll
0x000007fefd370000 - 0x000007fefd374000 	C:\Windows\system32\api-ms-win-downlevel-shlwapi-l1-1-0.dll
0x000007fefd360000 - 0x000007fefd365000 	C:\Windows\system32\api-ms-win-downlevel-advapi32-l1-1-0.dll
0x000007fefd3b0000 - 0x000007fefd3b4000 	C:\Windows\system32\api-ms-win-downlevel-user32-l1-1-0.dll
0x000007fefd1d0000 - 0x000007fefd1d4000 	C:\Windows\system32\api-ms-win-downlevel-version-l1-1-0.dll
0x000007fefd1e0000 - 0x000007fefd1e3000 	C:\Windows\system32\api-ms-win-downlevel-normaliz-l1-1-0.dll
0x0000000077790000 - 0x0000000077793000 	C:\Windows\system32\normaliz.DLL
0x000007feff350000 - 0x000007feff61c000 	C:\Windows\system32\iertutil.dll
0x000007fefd640000 - 0x000007fefdaec000 	C:\Windows\system32\WININET.dll
0x000007fefd380000 - 0x000007fefd39f000 	C:\Windows\system32\USERENV.dll
0x000007fefcc70000 - 0x000007fefcc77000 	C:\Windows\System32\wship6.dll
0x000007fef98f0000 - 0x000007fef98fd000 	C:\Program Files\Java\jre1.8.0_221\bin\management.dll
0x000007fef9820000 - 0x000007fef9832000 	C:\Program Files\Java\jre1.8.0_221\bin\nio.dll
0x000007fefc880000 - 0x000007fefc898000 	C:\Windows\system32\CRYPTSP.dll
0x000007fefc590000 - 0x000007fefc5d7000 	C:\Windows\system32\rsaenh.dll
0x000007fefcf60000 - 0x000007fefcf6f000 	C:\Windows\system32\CRYPTBASE.dll
0x000007fefa750000 - 0x000007fefa761000 	C:\Windows\system32\dhcpcsvc6.DLL
0x000007fefa730000 - 0x000007fefa748000 	C:\Windows\system32\dhcpcsvc.DLL
0x000007fef9420000 - 0x000007fef9545000 	C:\Windows\system32\dbghelp.dll

VM Arguments:
jvm_args: -agentlib:jdwp=transport=dt_socket,suspend=y,address=localhost:55454 -ea -javaagent:C:\Users\user\Downloads\spring-tool-suite-4-4.3.1.RELEASE-e4.12.0-win32.win32.x86_64\sts-4.3.1.RELEASE\configuration\org.eclipse.osgi\244\0\.cp\lib\javaagent-shaded.jar -Dfile.encoding=UTF-8 
java_command: org.eclipse.jdt.internal.junit.runner.RemoteTestRunner -version 3 -port 55453 -testLoaderClass org.eclipse.jdt.internal.junit5.runner.JUnit5TestLoader -loaderpluginname org.eclipse.jdt.junit5.runtime -classNames ma.rentcom.test.IntegrationTest
java_class_path (initial): C:\projet\rentcom-project\rentcom\target\test-classes;C:\projet\rentcom-project\rentcom\target\classes;C:\Users\user\Downloads\spring-tool-suite-4-4.3.1.RELEASE-e4.12.0-win32.win32.x86_64\sts-4.3.1.RELEASE\plugins\org.junit.jupiter.api_5.4.0.v20190212-2109.jar;C:\Users\user\Downloads\spring-tool-suite-4-4.3.1.RELEASE-e4.12.0-win32.win32.x86_64\sts-4.3.1.RELEASE\plugins\org.junit.jupiter.engine_5.4.0.v20190212-2109.jar;C:\Users\user\Downloads\spring-tool-suite-4-4.3.1.RELEASE-e4.12.0-win32.win32.x86_64\sts-4.3.1.RELEASE\plugins\org.junit.jupiter.migrationsupport_5.4.0.v20190212-2109.jar;C:\Users\user\Downloads\spring-tool-suite-4-4.3.1.RELEASE-e4.12.0-win32.win32.x86_64\sts-4.3.1.RELEASE\plugins\org.junit.jupiter.params_5.4.0.v20190212-2109.jar;C:\Users\user\Downloads\spring-tool-suite-4-4.3.1.RELEASE-e4.12.0-win32.win32.x86_64\sts-4.3.1.RELEASE\plugins\org.junit.platform.commons_1.4.0.v20190212-2109.jar;C:\Users\user\Downloads\spring-tool-suite-4-4.3.1.RELEASE-e4.12.0-win32.win32.x86_64\sts-4.3.1.RELEASE\plugins\org.junit.platform.engine_1.4.0.v20190212-2109.jar;C:\Users\user\Downloads\spring-tool-suite-4-4.3.1.RELEASE-e4.12.0-win32.win32.x86_64\sts-4.3.1.RELEASE\plugins\org.junit.platform.launcher_1.4.0.v20190212-2109.jar;C:\Users\user\Downloads\spring-tool-suite-4-4.3.1.RELEASE-e4.12.0-win32.win32.x86_64\sts-4.3.1.RELEASE\plugins\org.junit.platform.runner_1.4.0.v20190212-2109.jar;C:\Users\user\Downloads\spring-tool-suite-4-4.3.1.RELEASE-e4.12.0-win32.win32.x86_64\sts-4.3.1.RELEASE\plugins\org.junit.platform.suite.api_1.4.0.v20190212-2109.jar;C:\Users\user\Downloads\spring-tool-suite-4-4.3.1.RELEASE-e4.12.0-win32.win32.x86_64\sts-4.3.1.RELEASE\plugins\org.junit.vintage.engine_5.4.0.v20190212-2109.jar;C:\Users\user\Downloads\spring-tool-suite-4-4.3.1.RELEASE-e4.12.0-win32.win32.x86_64\sts-4.3.1.RELEASE\plugins\org.opentest4j_1.1.1.v20190212-2109.jar;C:\Users\user\Downloads\spring-tool-suite-4-4.3.1.RELEASE-e4.12.0-win32.win32.x86_64\sts-
Launcher Type: SUN_STANDARD

Environment Variables:
PATH=C:/Program Files/Java/jre1.8.0_221/bin/server;C:/Program Files/Java/jre1.8.0_221/bin;C:/Program Files/Java/jre1.8.0_221/lib/amd64;C:\Program Files (x86)\Common Files\Oracle\Java\javapath;C:\Windows\system32;C:\Windows;C:\Windows\System32\Wbem;C:\Windows\System32\WindowsPowerShell\v1.0\;C:\Users\user\.jpm\windows\bin;C:\Program Files\Git\cmd;;C:\Users\user\AppData\Local\Google\Cloud SDK\google-cloud-sdk\bin;C:\Users\user\AppData\Local\Programs\Microsoft VS Code\bin;C:\Users\user\Downloads\spring-tool-suite-4-4.3.1.RELEASE-e4.12.0-win32.win32.x86_64\sts-4.3.1.RELEASE;
USERNAME=user
OS=Windows_NT
PROCESSOR_IDENTIFIER=Intel64 Family 6 Model 42 Stepping 7, GenuineIntel



---------------  S Y S T E M  ---------------

OS: Windows 7 , 64 bit Build 7601 (6.1.7601.24524)

CPU:total 4 (initial active 4) (4 cores per cpu, 1 threads per core) family 6 model 42 stepping 7, cmov, cx8, fxsr, mmx, sse, sse2, sse3, ssse3, sse4.1, sse4.2, popcnt, avx, aes, clmul, tsc, tscinvbit

Memory: 4k page, physical 16655412k(7401572k free), swap 33308924k(15709376k free)

vm_info: Java HotSpot(TM) 64-Bit Server VM (25.221-b11) for windows-amd64 JRE (1.8.0_221-b11), built on Jul  4 2019 04:39:29 by "java_re" with MS VC++ 10.0 (VS2010)

time: Tue Oct 29 11:56:40 2019
timezone: Centre de l’Europe
elapsed time: 68060 seconds (0d 18h 54m 20s)

