#
# A fatal error has been detected by the Java Runtime Environment:
#
#  EXCEPTION_ACCESS_VIOLATION (0xc0000005) at pc=0x000000005c38f988, pid=11704, tid=0x0000000000002344
#
# JRE version: Java(TM) SE Runtime Environment (8.0_221-b11) (build 1.8.0_221-b11)
# Java VM: Java HotSpot(TM) 64-Bit Server VM (25.221-b11 mixed mode windows-amd64 compressed oops)
# Problematic frame:
# V  [jvm.dll+0x12f988]
#
# Failed to write core dump. Minidumps are not enabled by default on client versions of Windows
#
# If you would like to submit a bug report, please visit:
#   http://bugreport.java.com/bugreport/crash.jsp
#

---------------  T H R E A D  ---------------

Current thread (0x000000001bf95800):  VMThread [stack: 0x000000001d1d0000,0x000000001d2d0000] [id=9028]

siginfo: ExceptionCode=0xc0000005, reading address 0xffffffffffffffff

Registers:
RAX=0x000000001bf95800, RBX=0x000000001f99a0b0, RCX=0x000000001bba8908, RDX=0x000000001bba8a90
RSP=0x000000001d2cf8b0, RBP=0x000000001e85f7c0, RSI=0x000000001bf95800, RDI=0x000000001bba8a90
R8 =0x0000000000000177, R9 =0x0000000000000177, R10=0x0000000000000000, R11=0xca0000001bd98308
R12=0x000000005c38fa90, R13=0x00000007c0236268, R14=0x000000001be75500, R15=0x0000000020362a90
RIP=0x000000005c38f988, EFLAGS=0x0000000000010282

Top of Stack: (sp=0x000000001d2cf8b0)
0x000000001d2cf8b0:   000000001bece860 0000000002d8b46e
0x000000001d2cf8c0:   000000001f85e010 000000005c47f85a
0x000000001d2cf8d0:   0000000022cc2240 000000001bf95800
0x000000001d2cf8e0:   000000001bf95800 000000001bf94f30
0x000000001d2cf8f0:   000000001bba8a90 000000005c38facd
0x000000001d2cf900:   000000001bf95f88 00000000000000d8
0x000000001d2cf910:   000000001d2cfb10 000000005c2615d6
0x000000001d2cf920:   000000001e3ef320 000000005c41eeb4
0x000000001d2cf930:   000000001d2cf9e0 000000001bba8a90
0x000000001d2cf940:   0000000000000000 00000000679b39e1
0x000000001d2cf950:   000000001d589520 00000000679e8d94
0x000000001d2cf960:   0000000000000100 000000000225c3f0
0x000000001d2cf970:   00000000021ce4e1 000000001be75500
0x000000001d2cf980:   000000001be758d8 000000001d5894f0
0x000000001d2cf990:   000000001e85f7c0 000000001be758d8
0x000000001d2cf9a0:   00000000000003d8 000000001e3ef320 

Instructions: (pc=0x000000005c38f988)
0x000000005c38f968:   00 74 0d 48 8b ce e8 7d 99 14 00 45 33 db eb 04
0x000000005c38f978:   4c 8b 5f 18 48 83 7e 08 00 75 0a 4d 85 db 74 05
0x000000005c38f988:   66 41 ff 43 06 ff 05 0d d0 6c 00 48 8d 4c 24 30
0x000000005c38f998:   48 8b d6 e8 c0 40 0e 00 48 8b 9e 40 01 00 00 8b 


Register to memory mapping:

RAX=0x000000001bf95800 is an unknown value
RBX=0x000000001f99a0b0 is an unknown value
RCX=0x000000001bba8908 is pointing into metadata
RDX={method} {0x000000001bba8a98} 'getAllCar' '()V' in 'ma/rentcom/test/IntegrationTest'
RSP=0x000000001d2cf8b0 is an unknown value
RBP=0x000000001e85f7c0 is an unknown value
RSI=0x000000001bf95800 is an unknown value
RDI={method} {0x000000001bba8a98} 'getAllCar' '()V' in 'ma/rentcom/test/IntegrationTest'
R8 =0x0000000000000177 is an unknown value
R9 =0x0000000000000177 is an unknown value
R10=0x0000000000000000 is an unknown value
R11=0xca0000001bd98308 is an unknown value
R12=0x000000005c38fa90 is an unknown value
R13=0x00000007c0236268 is pointing into metadata
R14=0x000000001be75500 is an unknown value
R15=0x0000000020362a90 is an unknown value


Stack: [0x000000001d1d0000,0x000000001d2d0000],  sp=0x000000001d2cf8b0,  free space=1022k
Native frames: (J=compiled Java code, j=interpreted, Vv=VM code, C=native code)
V  [jvm.dll+0x12f988]
V  [jvm.dll+0x1beeb4]
V  [jvm.dll+0x1bfc47]
V  [jvm.dll+0x24d517]
V  [jvm.dll+0x24c7b6]
V  [jvm.dll+0x24cc51]
V  [jvm.dll+0x24ce6e]
V  [jvm.dll+0x29fb8a]
C  [msvcr100.dll+0x21d9f]
C  [msvcr100.dll+0x21e3b]
C  [kernel32.dll+0x1556d]
C  [ntdll.dll+0x5385d]

VM_Operation (0x000000001e3ef2b0): ChangeBreakpoints, mode: safepoint, requested by thread 0x000000001d583800


---------------  P R O C E S S  ---------------

Java Threads: ( => current thread )
  0x000000001fb83000 JavaThread "JMX server connection timeout 23" daemon [_thread_blocked, id=13268, stack(0x0000000026a00000,0x0000000026b00000)]
  0x000000001f99a800 JavaThread "RMI TCP Connection(idle)" daemon [_thread_blocked, id=8060, stack(0x0000000025490000,0x0000000025590000)]
  0x000000001f859800 JavaThread "RMI Scheduler(0)" daemon [_thread_blocked, id=16184, stack(0x00000000265a0000,0x00000000266a0000)]
  0x000000002119f800 JavaThread "RMI TCP Accept-0" daemon [_thread_in_native, id=7684, stack(0x0000000022e10000,0x0000000022f10000)]
  0x000000001ec17000 JavaThread "ReaderThread" [_thread_in_native, id=7292, stack(0x000000001f490000,0x000000001f590000)]
  0x000000001eaa3000 JavaThread "Service Thread" daemon [_thread_blocked, id=4404, stack(0x000000001f380000,0x000000001f480000)]
  0x000000001ea1d000 JavaThread "C1 CompilerThread2" daemon [_thread_blocked, id=5892, stack(0x000000001f180000,0x000000001f280000)]
  0x000000001ea1b000 JavaThread "C2 CompilerThread1" daemon [_thread_blocked, id=1724, stack(0x000000001efa0000,0x000000001f0a0000)]
  0x000000001ea06000 JavaThread "C2 CompilerThread0" daemon [_thread_blocked, id=12996, stack(0x000000001ee60000,0x000000001ef60000)]
  0x000000001d58c800 JavaThread "JDWP Command Reader" daemon [_thread_in_native, id=7404, stack(0x000000001e400000,0x000000001e500000)]
  0x000000001d58b000 JavaThread "JDWP Event Helper Thread" daemon [_thread_blocked, id=4812, stack(0x000000001e1d0000,0x000000001e2d0000)]
  0x000000001d583800 JavaThread "JDWP Transport Listener: dt_socket" daemon [_thread_blocked, id=4000, stack(0x000000001e2f0000,0x000000001e3f0000)]
  0x000000001bffc000 JavaThread "Attach Listener" daemon [_thread_blocked, id=14096, stack(0x000000001d990000,0x000000001da90000)]
  0x000000001d579800 JavaThread "Signal Dispatcher" daemon [_thread_blocked, id=8300, stack(0x000000001db60000,0x000000001dc60000)]
  0x000000001bfde800 JavaThread "Finalizer" daemon [_thread_blocked, id=14136, stack(0x000000001d390000,0x000000001d490000)]
  0x000000001bf9d000 JavaThread "Reference Handler" daemon [_thread_blocked, id=14756, stack(0x000000001d0b0000,0x000000001d1b0000)]
  0x000000000220b800 JavaThread "main" [_thread_blocked, id=12632, stack(0x00000000025e0000,0x00000000026e0000)]

Other Threads:
=>0x000000001bf95800 VMThread [stack: 0x000000001d1d0000,0x000000001d2d0000] [id=9028]
  0x000000001eac6000 WatcherThread [stack: 0x000000001f610000,0x000000001f710000] [id=8884]

VM state:at safepoint (normal execution)

VM Mutex/Monitor currently owned by a thread:  ([mutex/lock_event])
[0x000000000220a000] Threads_lock - owner thread: 0x000000001bf95800

heap address: 0x00000006c1c00000, size: 4068 MB, Compressed Oops mode: Zero based, Oop shift amount: 3
Narrow klass base: 0x0000000000000000, Narrow klass shift: 3
Compressed class space size: 1073741824 Address: 0x00000007c0000000

Heap:
 PSYoungGen      total 141824K, used 64498K [0x000000076b400000, 0x0000000774900000, 0x00000007c0000000)
  eden space 131072K, 43% used [0x000000076b400000,0x000000076ebd2d88,0x0000000773400000)
  from space 10752K, 68% used [0x0000000773e80000,0x00000007745a9e70,0x0000000774900000)
  to   space 10752K, 0% used [0x0000000773400000,0x0000000773400000,0x0000000773e80000)
 ParOldGen       total 175104K, used 8K [0x00000006c1c00000, 0x00000006cc700000, 0x000000076b400000)
  object space 175104K, 0% used [0x00000006c1c00000,0x00000006c1c02000,0x00000006cc700000)
 Metaspace       used 19266K, capacity 20392K, committed 20608K, reserved 1067008K
  class space    used 2461K, capacity 2686K, committed 2688K, reserved 1048576K

Card table byte_map: [0x0000000011d70000,0x0000000012570000] byte_map_base: 0x000000000e762000

Marking Bits: (ParMarkBitMap*) 0x000000005ca85ce0
 Begin Bits: [0x0000000012ee0000, 0x0000000016e70000)
 End Bits:   [0x0000000016e70000, 0x000000001ae00000)

Polling page: 0x0000000000320000

CodeCache: size=245760Kb used=8043Kb max_used=8137Kb free=237716Kb
 bounds [0x00000000029b0000, 0x0000000003210000, 0x00000000119b0000]
 total_blobs=2486 nmethods=2075 adapters=331
 compilation: enabled

Compilation events (10 events):
Event: 67162.843 Thread 0x000000001ea1d000 2292   !   3       java.net.Socket::getOutputStream (84 bytes)
Event: 67162.844 Thread 0x000000001ea1d000 nmethod 2292 0x0000000002eb2d10 code [0x0000000002eb2f40, 0x0000000002eb39b8]
Event: 67282.984 Thread 0x000000001ea1d000 2293       3       java.io.ObjectOutputStream$BlockDataOutputStream::writeBlockHeader (70 bytes)
Event: 67282.985 Thread 0x000000001ea1d000 nmethod 2293 0x0000000002eb2550 code [0x0000000002eb26e0, 0x0000000002eb2b08]
Event: 67398.170 Thread 0x000000001ea1d000 2294       3       java.io.DataOutputStream::flush (8 bytes)
Event: 67398.170 Thread 0x000000001ea1d000 nmethod 2294 0x0000000002d72290 code [0x0000000002d72400, 0x0000000002d72628]
Event: 67403.027 Thread 0x000000001ea1d000 2295       3       java.io.ObjectOutputStream$BlockDataOutputStream::writeLong (48 bytes)
Event: 67403.027 Thread 0x000000001ea1d000 nmethod 2295 0x0000000002eb2010 code [0x0000000002eb2180, 0x0000000002eb2458]
Event: 68021.512 Thread 0x000000001ea1b000 2296       4       org.eclipse.jdt.launching.internal.org.objectweb.asm.ClassReader::readCode (5089 bytes)
Event: 68022.373 Thread 0x000000001ea1b000 nmethod 2296 0x00000000031d79d0 code [0x00000000031d8820, 0x00000000031ee930]

GC Heap History (4 events):
Event: 3.497 GC heap before
{Heap before GC invocations=1 (full 0):
 PSYoungGen      total 76288K, used 65536K [0x000000076b400000, 0x0000000770900000, 0x00000007c0000000)
  eden space 65536K, 100% used [0x000000076b400000,0x000000076f400000,0x000000076f400000)
  from space 10752K, 0% used [0x000000076fe80000,0x000000076fe80000,0x0000000770900000)
  to   space 10752K, 0% used [0x000000076f400000,0x000000076f400000,0x000000076fe80000)
 ParOldGen       total 175104K, used 0K [0x00000006c1c00000, 0x00000006cc700000, 0x000000076b400000)
  object space 175104K, 0% used [0x00000006c1c00000,0x00000006c1c00000,0x00000006cc700000)
 Metaspace       used 10895K, capacity 11474K, committed 11776K, reserved 1058816K
  class space    used 1298K, capacity 1431K, committed 1536K, reserved 1048576K
Event: 3.631 GC heap after
Heap after GC invocations=1 (full 0):
 PSYoungGen      total 76288K, used 6522K [0x000000076b400000, 0x0000000774900000, 0x00000007c0000000)
  eden space 65536K, 0% used [0x000000076b400000,0x000000076b400000,0x000000076f400000)
  from space 10752K, 60% used [0x000000076f400000,0x000000076fa5ea80,0x000000076fe80000)
  to   space 10752K, 0% used [0x0000000773e80000,0x0000000773e80000,0x0000000774900000)
 ParOldGen       total 175104K, used 0K [0x00000006c1c00000, 0x00000006cc700000, 0x000000076b400000)
  object space 175104K, 0% used [0x00000006c1c00000,0x00000006c1c00000,0x00000006cc700000)
 Metaspace       used 10895K, capacity 11474K, committed 11776K, reserved 1058816K
  class space    used 1298K, capacity 1431K, committed 1536K, reserved 1048576K
}
Event: 4.956 GC heap before
{Heap before GC invocations=2 (full 0):
 PSYoungGen      total 76288K, used 72058K [0x000000076b400000, 0x0000000774900000, 0x00000007c0000000)
  eden space 65536K, 100% used [0x000000076b400000,0x000000076f400000,0x000000076f400000)
  from space 10752K, 60% used [0x000000076f400000,0x000000076fa5ea80,0x000000076fe80000)
  to   space 10752K, 0% used [0x0000000773e80000,0x0000000773e80000,0x0000000774900000)
 ParOldGen       total 175104K, used 0K [0x00000006c1c00000, 0x00000006cc700000, 0x000000076b400000)
  object space 175104K, 0% used [0x00000006c1c00000,0x00000006c1c00000,0x00000006cc700000)
 Metaspace       used 15044K, capacity 15946K, committed 16256K, reserved 1062912K
  class space    used 1881K, capacity 2069K, committed 2176K, reserved 1048576K
Event: 5.031 GC heap after
Heap after GC invocations=2 (full 0):
 PSYoungGen      total 141824K, used 7335K [0x000000076b400000, 0x0000000774900000, 0x00000007c0000000)
  eden space 131072K, 0% used [0x000000076b400000,0x000000076b400000,0x0000000773400000)
  from space 10752K, 68% used [0x0000000773e80000,0x00000007745a9e70,0x0000000774900000)
  to   space 10752K, 0% used [0x0000000773400000,0x0000000773400000,0x0000000773e80000)
 ParOldGen       total 175104K, used 8K [0x00000006c1c00000, 0x00000006cc700000, 0x000000076b400000)
  object space 175104K, 0% used [0x00000006c1c00000,0x00000006c1c02000,0x00000006cc700000)
 Metaspace       used 15044K, capacity 15946K, committed 16256K, reserved 1062912K
  class space    used 1881K, capacity 2069K, committed 2176K, reserved 1048576K
}

Deoptimization events (10 events):
Event: 8.250 Thread 0x000000001bffc000 Uncommon trap: reason=range_check action=none pc=0x0000000002ff4164 method=sun.reflect.generics.parser.SignatureParser.current()C @ 34
Event: 8.258 Thread 0x000000001bffc000 Uncommon trap: reason=range_check action=none pc=0x0000000002ff4164 method=sun.reflect.generics.parser.SignatureParser.current()C @ 34
Event: 8.265 Thread 0x000000001bffc000 Uncommon trap: reason=range_check action=none pc=0x0000000002ff4164 method=sun.reflect.generics.parser.SignatureParser.current()C @ 34
Event: 8.447 Thread 0x000000001bffc000 Uncommon trap: reason=unstable_if action=reinterpret pc=0x0000000002b0e97c method=java.io.WinNTFileSystem.normalize(Ljava/lang/String;)Ljava/lang/String; @ 128
Event: 8.456 Thread 0x000000001bffc000 Uncommon trap: reason=unstable_if action=reinterpret pc=0x0000000002acd1f4 method=sun.nio.cs.UTF_8$Encoder.encode([CII[B)I @ 33
Event: 8.502 Thread 0x000000001bffc000 Uncommon trap: reason=bimorphic action=maybe_recompile pc=0x0000000003091284 method=java.io.DataOutputStream.write([BII)V @ 7
Event: 8.503 Thread 0x000000001bffc000 Uncommon trap: reason=bimorphic action=maybe_recompile pc=0x0000000003091284 method=java.io.DataOutputStream.write([BII)V @ 7
Event: 8.610 Thread 0x000000001fbdc000 Uncommon trap: reason=bimorphic action=maybe_recompile pc=0x0000000003091284 method=java.io.DataOutputStream.write([BII)V @ 7
Event: 8.651 Thread 0x000000001fbdc000 Uncommon trap: reason=bimorphic action=maybe_recompile pc=0x0000000003091284 method=java.io.DataOutputStream.write([BII)V @ 7
Event: 60784.830 Thread 0x000000001f859800 Uncommon trap: reason=unstable_if action=reinterpret pc=0x000000000305f6c4 method=jdk.internal.org.objectweb.asm.Item.isEqualTo(Ljdk/internal/org/objectweb/asm/Item;)Z @ 331

Classes redefined (2 events):
Event: 67476.429 Thread 0x000000001bf95800 redefined class name=ma.rentcom.test.IntegrationTest, count=1
Event: 68021.524 Thread 0x000000001bf95800 redefined class name=ma.rentcom.test.IntegrationTest, count=2

Internal exceptions (10 events):
Event: 24.386 Thread 0x000000001fbdc000 Exception <a 'java/lang/ClassNotFoundException': org/springframework/boot/actuate/endpoint/jmx/DataEndpointMBean> (0x000000076df8c848) thrown at [C:\re\workspace\8-2-build-windows-amd64-cygwin\jdk8u221\13320\hotspot\src\share\vm\classfile\systemDictionary
Event: 24.387 Thread 0x000000001fbdc000 Exception <a 'java/lang/ClassNotFoundException': org/springframework/context/support/LiveBeansView> (0x000000076dfad6c8) thrown at [C:\re\workspace\8-2-build-windows-amd64-cygwin\jdk8u221\13320\hotspot\src\share\vm\classfile\systemDictionary.cpp, line 210
Event: 24.387 Thread 0x000000001fbdc000 Exception <a 'java/lang/ClassNotFoundException': org/springframework/boot/actuate/endpoint/jmx/EndpointMBean> (0x000000076dfada30) thrown at [C:\re\workspace\8-2-build-windows-amd64-cygwin\jdk8u221\13320\hotspot\src\share\vm\classfile\systemDictionary.cpp
Event: 24.387 Thread 0x000000001fbdc000 Exception <a 'java/lang/ClassNotFoundException': org/springframework/boot/actuate/endpoint/jmx/DataEndpointMBean> (0x000000076dfadf88) thrown at [C:\re\workspace\8-2-build-windows-amd64-cygwin\jdk8u221\13320\hotspot\src\share\vm\classfile\systemDictionary
Event: 24.387 Thread 0x000000001fbdc000 Exception <a 'java/lang/ClassNotFoundException': org/springframework/context/support/LiveBeansView> (0x000000076dfae4c8) thrown at [C:\re\workspace\8-2-build-windows-amd64-cygwin\jdk8u221\13320\hotspot\src\share\vm\classfile\systemDictionary.cpp, line 210
Event: 24.387 Thread 0x000000001fbdc000 Exception <a 'java/lang/ClassNotFoundException': org/springframework/boot/actuate/endpoint/jmx/EndpointMBean> (0x000000076dfae820) thrown at [C:\re\workspace\8-2-build-windows-amd64-cygwin\jdk8u221\13320\hotspot\src\share\vm\classfile\systemDictionary.cpp
Event: 24.387 Thread 0x000000001fbdc000 Exception <a 'java/lang/ClassNotFoundException': org/springframework/boot/actuate/endpoint/jmx/DataEndpointMBean> (0x000000076dfaed68) thrown at [C:\re\workspace\8-2-build-windows-amd64-cygwin\jdk8u221\13320\hotspot\src\share\vm\classfile\systemDictionary
Event: 24.387 Thread 0x000000001fbdc000 Exception <a 'java/lang/ClassNotFoundException': org/springframework/context/support/LiveBeansView> (0x000000076dfaf298) thrown at [C:\re\workspace\8-2-build-windows-amd64-cygwin\jdk8u221\13320\hotspot\src\share\vm\classfile\systemDictionary.cpp, line 210
Event: 60793.502 Thread 0x000000001fbdc000 Exception <a 'java/lang/NoSuchMethodError': <clinit>> (0x000000076e5fdfc0) thrown at [C:\re\workspace\8-2-build-windows-amd64-cygwin\jdk8u221\13320\hotspot\src\share\vm\prims\jni.cpp, line 1614]
Event: 60798.077 Thread 0x000000001f99a800 Exception <a 'java/lang/NoSuchMethodError': <clinit>> (0x000000076e6c5a40) thrown at [C:\re\workspace\8-2-build-windows-amd64-cygwin\jdk8u221\13320\hotspot\src\share\vm\prims\jni.cpp, line 1614]

Events (10 events):
Event: 68021.694 Executing VM operation: ChangeBreakpoints done
Event: 68026.312 Executing VM operation: GetCurrentContendedMonitor
Event: 68026.312 Executing VM operation: GetCurrentContendedMonitor done
Event: 68026.312 Executing VM operation: GetOwnedMonitorInfo
Event: 68026.312 Executing VM operation: GetOwnedMonitorInfo done
Event: 68027.150 Executing VM operation: GetCurrentContendedMonitor
Event: 68027.150 Executing VM operation: GetCurrentContendedMonitor done
Event: 68027.151 Executing VM operation: GetOwnedMonitorInfo
Event: 68027.151 Executing VM operation: GetOwnedMonitorInfo done
Event: 68062.402 Executing VM operation: ChangeBreakpoints


Dynamic libraries:
0x000000013f7a0000 - 0x000000013f7d7000 	C:\Program Files\Java\jre1.8.0_221\bin\javaw.exe
0x00000000775e0000 - 0x000000007777f000 	C:\Windows\SYSTEM32\ntdll.dll
0x00000000774c0000 - 0x00000000775df000 	C:\Windows\system32\kernel32.dll
0x000007fefd120000 - 0x000007fefd187000 	C:\Windows\system32\KERNELBASE.dll
0x000007feff7c0000 - 0x000007feff89b000 	C:\Windows\system32\ADVAPI32.dll
0x000007feff260000 - 0x000007feff2ff000 	C:\Windows\system32\msvcrt.dll
0x000007feff6a0000 - 0x000007feff6bf000 	C:\Windows\SYSTEM32\sechost.dll
0x000007fefdfa0000 - 0x000007fefe0cc000 	C:\Windows\system32\RPCRT4.dll
0x00000000773c0000 - 0x00000000774ba000 	C:\Windows\system32\USER32.dll
0x000007fefdf30000 - 0x000007fefdf97000 	C:\Windows\system32\GDI32.dll
0x000007fefe0d0000 - 0x000007fefe0de000 	C:\Windows\system32\LPK.dll
0x000007fefd570000 - 0x000007fefd63b000 	C:\Windows\system32\USP10.dll
0x000007fefb750000 - 0x000007fefb945000 	C:\Windows\WinSxS\amd64_microsoft.windows.common-controls_6595b64144ccf1df_6.0.7601.24483_none_e372d88f30fbb845\COMCTL32.dll
0x000007fefd4c0000 - 0x000007fefd531000 	C:\Windows\system32\SHLWAPI.dll
0x000007fefd540000 - 0x000007fefd56e000 	C:\Windows\system32\IMM32.DLL
0x000007feff070000 - 0x000007feff17b000 	C:\Windows\system32\MSCTF.dll
0x0000000067980000 - 0x0000000067a52000 	C:\Program Files\Java\jre1.8.0_221\bin\msvcr100.dll
0x000000005c260000 - 0x000000005cb05000 	C:\Program Files\Java\jre1.8.0_221\bin\server\jvm.dll
0x000007fefa670000 - 0x000007fefa679000 	C:\Windows\system32\WSOCK32.dll
0x000007feff300000 - 0x000007feff34d000 	C:\Windows\system32\WS2_32.dll
0x000007fefde60000 - 0x000007fefde68000 	C:\Windows\system32\NSI.dll
0x000007fef99f0000 - 0x000007fef9a2b000 	C:\Windows\system32\WINMM.dll
0x000007fefc1e0000 - 0x000007fefc1ec000 	C:\Windows\system32\VERSION.dll
0x0000000077780000 - 0x0000000077787000 	C:\Windows\system32\PSAPI.DLL
0x000007fefbf80000 - 0x000007fefbf8f000 	C:\Program Files\Java\jre1.8.0_221\bin\verify.dll
0x000007fef98b0000 - 0x000007fef98d9000 	C:\Program Files\Java\jre1.8.0_221\bin\java.dll
0x000007fef66d0000 - 0x000007fef6705000 	C:\Program Files\Java\jre1.8.0_221\bin\jdwp.dll
0x000007fef6c30000 - 0x000007fef6c38000 	C:\Program Files\Java\jre1.8.0_221\bin\npt.dll
0x000007fef68f0000 - 0x000007fef6913000 	C:\Program Files\Java\jre1.8.0_221\bin\instrument.dll
0x000007fefbf60000 - 0x000007fefbf76000 	C:\Program Files\Java\jre1.8.0_221\bin\zip.dll
0x000007fefe2e0000 - 0x000007feff06b000 	C:\Windows\system32\SHELL32.dll
0x000007fefe0e0000 - 0x000007fefe2df000 	C:\Windows\system32\ole32.dll
0x000007fefd110000 - 0x000007fefd11f000 	C:\Windows\system32\profapi.dll
0x000007fef9720000 - 0x000007fef9729000 	C:\Program Files\Java\jre1.8.0_221\bin\dt_socket.dll
0x000007fefab20000 - 0x000007fefab35000 	C:\Windows\system32\NLAapi.dll
0x000007fef5f30000 - 0x000007fef5f45000 	C:\Windows\system32\napinsp.dll
0x000007fef5f10000 - 0x000007fef5f29000 	C:\Windows\system32\pnrpnsp.dll
0x000007fefc820000 - 0x000007fefc875000 	C:\Windows\System32\mswsock.dll
0x000007fefc6b0000 - 0x000007fefc70b000 	C:\Windows\system32\DNSAPI.dll
0x000007fef5f00000 - 0x000007fef5f0b000 	C:\Windows\System32\winrnr.dll
0x000007fefa830000 - 0x000007fefa857000 	C:\Windows\system32\IPHLPAPI.DLL
0x000007fefa820000 - 0x000007fefa82b000 	C:\Windows\system32\WINNSI.DLL
0x000007fefa6a0000 - 0x000007fefa6f3000 	C:\Windows\System32\fwpuclnt.dll
0x000007fef3d00000 - 0x000007fef3d08000 	C:\Windows\system32\rasadhlp.dll
0x000007fefc2b0000 - 0x000007fefc2b7000 	C:\Windows\System32\wshtcpip.dll
0x000007fef9800000 - 0x000007fef981a000 	C:\Program Files\Java\jre1.8.0_221\bin\net.dll
0x000007fefdcd0000 - 0x000007fefde5a000 	C:\Windows\system32\urlmon.dll
0x000007fefd3a0000 - 0x000007fefd3a4000 	C:\Windows\system32\api-ms-win-downlevel-ole32-l1-1-0.dll
0x000007fefd370000 - 0x000007fefd374000 	C:\Windows\system32\api-ms-win-downlevel-shlwapi-l1-1-0.dll
0x000007fefd360000 - 0x000007fefd365000 	C:\Windows\system32\api-ms-win-downlevel-advapi32-l1-1-0.dll
0x000007fefd3b0000 - 0x000007fefd3b4000 	C:\Windows\system32\api-ms-win-downlevel-user32-l1-1-0.dll
0x000007fefd1d0000 - 0x000007fefd1d4000 	C:\Windows\system32\api-ms-win-downlevel-version-l1-1-0.dll
0x000007fefd1e0000 - 0x000007fefd1e3000 	C:\Windows\system32\api-ms-win-downlevel-normaliz-l1-1-0.dll
0x0000000077790000 - 0x0000000077793000 	C:\Windows\system32\normaliz.DLL
0x000007feff350000 - 0x000007feff61c000 	C:\Windows\system32\iertutil.dll
0x000007fefd640000 - 0x000007fefdaec000 	C:\Windows\system32\WININET.dll
0x000007fefd380000 - 0x000007fefd39f000 	C:\Windows\system32\USERENV.dll
0x000007fefcc70000 - 0x000007fefcc77000 	C:\Windows\System32\wship6.dll
0x000007fef98f0000 - 0x000007fef98fd000 	C:\Program Files\Java\jre1.8.0_221\bin\management.dll
0x000007fef9820000 - 0x000007fef9832000 	C:\Program Files\Java\jre1.8.0_221\bin\nio.dll
0x000007fefc880000 - 0x000007fefc898000 	C:\Windows\system32\CRYPTSP.dll
0x000007fefc590000 - 0x000007fefc5d7000 	C:\Windows\system32\rsaenh.dll
0x000007fefcf60000 - 0x000007fefcf6f000 	C:\Windows\system32\CRYPTBASE.dll
0x000007fefa750000 - 0x000007fefa761000 	C:\Windows\system32\dhcpcsvc6.DLL
0x000007fefa730000 - 0x000007fefa748000 	C:\Windows\system32\dhcpcsvc.DLL
0x000007fef9420000 - 0x000007fef9545000 	C:\Windows\system32\dbghelp.dll

VM Arguments:
jvm_args: -agentlib:jdwp=transport=dt_socket,suspend=y,address=localhost:55446 -ea -javaagent:C:\Users\user\Downloads\spring-tool-suite-4-4.3.1.RELEASE-e4.12.0-win32.win32.x86_64\sts-4.3.1.RELEASE\configuration\org.eclipse.osgi\244\0\.cp\lib\javaagent-shaded.jar -Dfile.encoding=UTF-8 
java_command: org.eclipse.jdt.internal.junit.runner.RemoteTestRunner -version 3 -port 55445 -testLoaderClass org.eclipse.jdt.internal.junit5.runner.JUnit5TestLoader -loaderpluginname org.eclipse.jdt.junit5.runtime -classNames ma.rentcom.test.IntegrationTest
java_class_path (initial): C:\projet\rentcom-project\rentcom\target\test-classes;C:\projet\rentcom-project\rentcom\target\classes;C:\Users\user\Downloads\spring-tool-suite-4-4.3.1.RELEASE-e4.12.0-win32.win32.x86_64\sts-4.3.1.RELEASE\plugins\org.junit.jupiter.api_5.4.0.v20190212-2109.jar;C:\Users\user\Downloads\spring-tool-suite-4-4.3.1.RELEASE-e4.12.0-win32.win32.x86_64\sts-4.3.1.RELEASE\plugins\org.junit.jupiter.engine_5.4.0.v20190212-2109.jar;C:\Users\user\Downloads\spring-tool-suite-4-4.3.1.RELEASE-e4.12.0-win32.win32.x86_64\sts-4.3.1.RELEASE\plugins\org.junit.jupiter.migrationsupport_5.4.0.v20190212-2109.jar;C:\Users\user\Downloads\spring-tool-suite-4-4.3.1.RELEASE-e4.12.0-win32.win32.x86_64\sts-4.3.1.RELEASE\plugins\org.junit.jupiter.params_5.4.0.v20190212-2109.jar;C:\Users\user\Downloads\spring-tool-suite-4-4.3.1.RELEASE-e4.12.0-win32.win32.x86_64\sts-4.3.1.RELEASE\plugins\org.junit.platform.commons_1.4.0.v20190212-2109.jar;C:\Users\user\Downloads\spring-tool-suite-4-4.3.1.RELEASE-e4.12.0-win32.win32.x86_64\sts-4.3.1.RELEASE\plugins\org.junit.platform.engine_1.4.0.v20190212-2109.jar;C:\Users\user\Downloads\spring-tool-suite-4-4.3.1.RELEASE-e4.12.0-win32.win32.x86_64\sts-4.3.1.RELEASE\plugins\org.junit.platform.launcher_1.4.0.v20190212-2109.jar;C:\Users\user\Downloads\spring-tool-suite-4-4.3.1.RELEASE-e4.12.0-win32.win32.x86_64\sts-4.3.1.RELEASE\plugins\org.junit.platform.runner_1.4.0.v20190212-2109.jar;C:\Users\user\Downloads\spring-tool-suite-4-4.3.1.RELEASE-e4.12.0-win32.win32.x86_64\sts-4.3.1.RELEASE\plugins\org.junit.platform.suite.api_1.4.0.v20190212-2109.jar;C:\Users\user\Downloads\spring-tool-suite-4-4.3.1.RELEASE-e4.12.0-win32.win32.x86_64\sts-4.3.1.RELEASE\plugins\org.junit.vintage.engine_5.4.0.v20190212-2109.jar;C:\Users\user\Downloads\spring-tool-suite-4-4.3.1.RELEASE-e4.12.0-win32.win32.x86_64\sts-4.3.1.RELEASE\plugins\org.opentest4j_1.1.1.v20190212-2109.jar;C:\Users\user\Downloads\spring-tool-suite-4-4.3.1.RELEASE-e4.12.0-win32.win32.x86_64\sts-
Launcher Type: SUN_STANDARD

Environment Variables:
PATH=C:/Program Files/Java/jre1.8.0_221/bin/server;C:/Program Files/Java/jre1.8.0_221/bin;C:/Program Files/Java/jre1.8.0_221/lib/amd64;C:\Program Files (x86)\Common Files\Oracle\Java\javapath;C:\Windows\system32;C:\Windows;C:\Windows\System32\Wbem;C:\Windows\System32\WindowsPowerShell\v1.0\;C:\Users\user\.jpm\windows\bin;C:\Program Files\Git\cmd;;C:\Users\user\AppData\Local\Google\Cloud SDK\google-cloud-sdk\bin;C:\Users\user\AppData\Local\Programs\Microsoft VS Code\bin;C:\Users\user\Downloads\spring-tool-suite-4-4.3.1.RELEASE-e4.12.0-win32.win32.x86_64\sts-4.3.1.RELEASE;
USERNAME=user
OS=Windows_NT
PROCESSOR_IDENTIFIER=Intel64 Family 6 Model 42 Stepping 7, GenuineIntel



---------------  S Y S T E M  ---------------

OS: Windows 7 , 64 bit Build 7601 (6.1.7601.24524)

CPU:total 4 (initial active 4) (4 cores per cpu, 1 threads per core) family 6 model 42 stepping 7, cmov, cx8, fxsr, mmx, sse, sse2, sse3, ssse3, sse4.1, sse4.2, popcnt, avx, aes, clmul, tsc, tscinvbit

Memory: 4k page, physical 16655412k(7352400k free), swap 33308924k(15152552k free)

vm_info: Java HotSpot(TM) 64-Bit Server VM (25.221-b11) for windows-amd64 JRE (1.8.0_221-b11), built on Jul  4 2019 04:39:29 by "java_re" with MS VC++ 10.0 (VS2010)

time: Tue Oct 29 11:56:40 2019
timezone: Centre de l’Europe
elapsed time: 68062 seconds (0d 18h 54m 22s)

